<?xml version="1.0" encoding="UTF-8"?>
<!-- Generated by org.testng.reporters.JUnitReportReporter -->
<testsuite hostname="DESKTOP-35OEF4D" failures="0" tests="4" name="com.steampowered.policy.testcases.Demo" time="1.743" errors="0" timestamp="2022-10-16T23:54:47 MSK" skipped="0">
  <testcase classname="com.steampowered.policy.testcases.Demo" name="verifyAccessToMainPage" time="0.023"/>
  <system-out/>
  <testcase classname="com.steampowered.policy.testcases.Demo" name="verifyPolicyTitle" time="1.363"/>
  <system-out/>
  <testcase classname="com.steampowered.policy.testcases.Demo" name="verifyLanguages" time="0.301"/>
  <system-out/>
  <testcase classname="com.steampowered.policy.testcases.Demo" name="verifyYear" time="0.056"/>
  <system-out/>
</testsuite> <!-- com.steampowered.policy.testcases.Demo -->
