<?xml version="1.0" encoding="UTF-8"?>
<!-- Generated by org.testng.reporters.JUnitReportReporter -->
<testsuite hostname="DESKTOP-35OEF4D" failures="0" tests="4" name="steam.demo.TestCases" time="8.701" errors="0" timestamp="2022-10-13T05:34:29 MSK" skipped="0">
  <testcase classname="steam.demo.TestCases" name="verifySearchBox" time="0.063"/>
  <system-out/>
  <testcase classname="steam.demo.TestCases" name="verifySecondResult" time="8.581"/>
  <system-out/>
  <testcase classname="steam.demo.TestCases" name="verifyFirstResult" time="0.046"/>
  <system-out/>
  <testcase classname="steam.demo.TestCases" name="verifyOpenPage" time="0.011"/>
  <system-out/>
</testsuite> <!-- steam.demo.TestCases -->
