<?xml version="1.0" encoding="UTF-8"?>
<!-- Generated by org.testng.reporters.JUnitReportReporter -->
<testsuite hostname="DESKTOP-35OEF4D" failures="0" tests="4" name="search.demo.GameSearch" time="3.062" errors="0" timestamp="2022-10-15T21:26:21 MSK" skipped="0">
  <testcase classname="search.demo.GameSearch" name="verifyFirstResult" time="0.077"/>
  <system-out/>
  <testcase classname="search.demo.GameSearch" name="verifySecondResult" time="2.882"/>
  <system-out/>
  <testcase classname="search.demo.GameSearch" name="verifySearchBox" time="0.089"/>
  <system-out/>
  <testcase classname="search.demo.GameSearch" name="verifyOpenPage" time="0.014"/>
  <system-out/>
</testsuite> <!-- search.demo.GameSearch -->
