<?xml version="1.0" encoding="UTF-8"?>
<!-- Generated by org.testng.reporters.JUnitReportReporter -->
<testsuite hostname="DESKTOP-35OEF4D" failures="0" tests="4" name="search.demo.GameSearch" time="2.812" errors="0" timestamp="2022-10-13T06:05:51 MSK" skipped="0">
  <testcase classname="search.demo.GameSearch" name="verifySearchBox" time="0.045"/>
  <system-out/>
  <testcase classname="search.demo.GameSearch" name="verifySecondResult" time="2.714"/>
  <system-out/>
  <testcase classname="search.demo.GameSearch" name="verifyFirstResult" time="0.044"/>
  <system-out/>
  <testcase classname="search.demo.GameSearch" name="verifyOpenPage" time="0.009"/>
  <system-out/>
</testsuite> <!-- search.demo.GameSearch -->
